#! /usr/bin/vvp
:ivl_version "11.0 (stable)";
:ivl_delay_selection "TYPICAL";
:vpi_time_precision + 0;
:vpi_module "/usr/lib/x86_64-linux-gnu/ivl/system.vpi";
:vpi_module "/usr/lib/x86_64-linux-gnu/ivl/vhdl_sys.vpi";
:vpi_module "/usr/lib/x86_64-linux-gnu/ivl/vhdl_textio.vpi";
:vpi_module "/usr/lib/x86_64-linux-gnu/ivl/v2005_math.vpi";
:vpi_module "/usr/lib/x86_64-linux-gnu/ivl/va_math.vpi";
S_0x55c522e19610 .scope module, "game" "game" 2 1;
 .timescale 0 0;
    .port_info 0 /INPUT 1 "pixel_clk";
    .port_info 1 /INPUT 1 "rst_n";
    .port_info 2 /INPUT 1 "button_c";
    .port_info 3 /INPUT 1 "button_u";
    .port_info 4 /INPUT 1 "button_d";
    .port_info 5 /INPUT 1 "button_r";
    .port_info 6 /INPUT 1 "button_l";
    .port_info 7 /INPUT 8 "accel_data_x";
    .port_info 8 /INPUT 8 "accel_data_y";
    .port_info 9 /OUTPUT 8 "accel_x_end_of_frame";
    .port_info 10 /OUTPUT 8 "accel_y_end_of_frame";
    .port_info 11 /INPUT 10 "h_coord";
    .port_info 12 /INPUT 10 "v_coord";
    .port_info 13 /OUTPUT 4 "red";
    .port_info 14 /OUTPUT 4 "green";
    .port_info 15 /OUTPUT 4 "blue";
    .port_info 16 /INPUT 10 "SW";
    .port_info 17 /OUTPUT 1 "regime_status";
P_0x55c522e197a0 .param/l "ACCEL_X_CORR" 0 2 38, C4<00000011>;
P_0x55c522e197e0 .param/l "ACCEL_Y_CORR" 0 2 39, C4<00000001>;
P_0x55c522e19820 .param/l "FRAMES_PER_ACTION" 0 2 34, +C4<00000000000000000000000000000010>;
P_0x55c522e19860 .param/l "ball_h_speed" 0 2 71, +C4<00000000000000000000000000010100>;
P_0x55c522e198a0 .param/l "ball_height" 0 2 68, +C4<00000000000000000000000000010000>;
P_0x55c522e198e0 .param/l "ball_v_speed" 0 2 72, +C4<00000000000000000000000000010100>;
P_0x55c522e19920 .param/l "ball_width" 0 2 67, +C4<00000000000000000000000000010000>;
P_0x55c522e19960 .param/l "board_height" 0 2 57, +C4<00000000000000000000000000010100>;
P_0x55c522e199a0 .param/l "board_speed" 0 2 58, +C4<00000000000000000000000000010100>;
P_0x55c522e199e0 .param/l "board_width" 0 2 56, +C4<00000000000000000000000001100100>;
o0x7f33674e8b88 .functor BUFZ 1, C4<z>; HiZ drive
L_0x55c522df1850 .functor BUFZ 1, o0x7f33674e8b88, C4<0>, C4<0>, C4<0>;
L_0x55c522df2400 .functor BUFZ 1, v0x55c522e3c790_0, C4<0>, C4<0>, C4<0>;
L_0x55c522e100e0 .functor OR 1, v0x55c522e3b440_0, v0x55c522e3b6c0_0, C4<0>, C4<0>;
L_0x55c522e10bb0 .functor OR 1, v0x55c522e3b440_0, v0x55c522e3b6c0_0, C4<0>, C4<0>;
L_0x55c522e3de10 .functor OR 1, v0x55c522e3b440_0, v0x55c522e3b6c0_0, C4<0>, C4<0>;
o0x7f33674e8018 .functor BUFZ 10, C4<zzzzzzzzzz>; HiZ drive
v0x55c522dfa6e0_0 .net "SW", 9 0, o0x7f33674e8018;  0 drivers
v0x55c522df1a30_0 .net *"_ivl_13", 0 0, L_0x55c522e3d020;  1 drivers
L_0x7f336749f0a8 .functor BUFT 1, C4<1111>, C4<0>, C4<0>, C4<0>;
v0x55c522df25a0_0 .net/2u *"_ivl_14", 3 0, L_0x7f336749f0a8;  1 drivers
L_0x7f336749f0f0 .functor BUFT 1, C4<0000>, C4<0>, C4<0>, C4<0>;
v0x55c522e10240_0 .net/2u *"_ivl_16", 3 0, L_0x7f336749f0f0;  1 drivers
v0x55c522e10cd0_0 .net *"_ivl_18", 3 0, L_0x55c522e3d180;  1 drivers
v0x55c522dbc350_0 .net *"_ivl_20", 0 0, L_0x55c522e100e0;  1 drivers
v0x55c522e38660_0 .net *"_ivl_23", 0 0, L_0x55c522e3d370;  1 drivers
L_0x7f336749f138 .functor BUFT 1, C4<0100>, C4<0>, C4<0>, C4<0>;
v0x55c522e38740_0 .net/2u *"_ivl_24", 3 0, L_0x7f336749f138;  1 drivers
L_0x7f336749f180 .functor BUFT 1, C4<0000>, C4<0>, C4<0>, C4<0>;
v0x55c522e38820_0 .net/2u *"_ivl_26", 3 0, L_0x7f336749f180;  1 drivers
v0x55c522e38900_0 .net *"_ivl_28", 3 0, L_0x55c522e3d4e0;  1 drivers
v0x55c522e389e0_0 .net *"_ivl_31", 0 0, L_0x55c522e3d6b0;  1 drivers
L_0x7f336749f1c8 .functor BUFT 1, C4<1000>, C4<0>, C4<0>, C4<0>;
v0x55c522e38ac0_0 .net/2u *"_ivl_32", 3 0, L_0x7f336749f1c8;  1 drivers
L_0x7f336749f210 .functor BUFT 1, C4<0000>, C4<0>, C4<0>, C4<0>;
v0x55c522e38ba0_0 .net/2u *"_ivl_34", 3 0, L_0x7f336749f210;  1 drivers
v0x55c522e38c80_0 .net *"_ivl_36", 3 0, L_0x55c522e3d750;  1 drivers
v0x55c522e38d60_0 .net *"_ivl_38", 3 0, L_0x55c522e3d960;  1 drivers
L_0x7f336749f018 .functor BUFT 1, C4<00000011>, C4<0>, C4<0>, C4<0>;
v0x55c522e38e40_0 .net/2u *"_ivl_4", 7 0, L_0x7f336749f018;  1 drivers
v0x55c522e38f20_0 .net *"_ivl_43", 0 0, L_0x55c522e3dc40;  1 drivers
L_0x7f336749f258 .functor BUFT 1, C4<1111>, C4<0>, C4<0>, C4<0>;
v0x55c522e39110_0 .net/2u *"_ivl_44", 3 0, L_0x7f336749f258;  1 drivers
L_0x7f336749f2a0 .functor BUFT 1, C4<0000>, C4<0>, C4<0>, C4<0>;
v0x55c522e391f0_0 .net/2u *"_ivl_46", 3 0, L_0x7f336749f2a0;  1 drivers
v0x55c522e392d0_0 .net *"_ivl_48", 3 0, L_0x55c522e3dd70;  1 drivers
v0x55c522e393b0_0 .net *"_ivl_50", 0 0, L_0x55c522e10bb0;  1 drivers
v0x55c522e39490_0 .net *"_ivl_53", 0 0, L_0x55c522e3dfa0;  1 drivers
L_0x7f336749f2e8 .functor BUFT 1, C4<0100>, C4<0>, C4<0>, C4<0>;
v0x55c522e39570_0 .net/2u *"_ivl_54", 3 0, L_0x7f336749f2e8;  1 drivers
L_0x7f336749f330 .functor BUFT 1, C4<0000>, C4<0>, C4<0>, C4<0>;
v0x55c522e39650_0 .net/2u *"_ivl_56", 3 0, L_0x7f336749f330;  1 drivers
v0x55c522e39730_0 .net *"_ivl_58", 3 0, L_0x55c522e3e040;  1 drivers
v0x55c522e39810_0 .net *"_ivl_61", 0 0, L_0x55c522e3e250;  1 drivers
L_0x7f336749f378 .functor BUFT 1, C4<1000>, C4<0>, C4<0>, C4<0>;
v0x55c522e398f0_0 .net/2u *"_ivl_62", 3 0, L_0x7f336749f378;  1 drivers
L_0x7f336749f3c0 .functor BUFT 1, C4<0000>, C4<0>, C4<0>, C4<0>;
v0x55c522e399d0_0 .net/2u *"_ivl_64", 3 0, L_0x7f336749f3c0;  1 drivers
v0x55c522e39ab0_0 .net *"_ivl_66", 3 0, L_0x55c522e3e2f0;  1 drivers
v0x55c522e39b90_0 .net *"_ivl_68", 3 0, L_0x55c522e3e510;  1 drivers
v0x55c522e39c70_0 .net *"_ivl_73", 0 0, L_0x55c522e3e8d0;  1 drivers
L_0x7f336749f408 .functor BUFT 1, C4<1111>, C4<0>, C4<0>, C4<0>;
v0x55c522e39d50_0 .net/2u *"_ivl_74", 3 0, L_0x7f336749f408;  1 drivers
L_0x7f336749f450 .functor BUFT 1, C4<0000>, C4<0>, C4<0>, C4<0>;
v0x55c522e39e30_0 .net/2u *"_ivl_76", 3 0, L_0x7f336749f450;  1 drivers
v0x55c522e3a120_0 .net *"_ivl_78", 3 0, L_0x55c522e3e970;  1 drivers
L_0x7f336749f060 .functor BUFT 1, C4<00000001>, C4<0>, C4<0>, C4<0>;
v0x55c522e3a200_0 .net/2u *"_ivl_8", 7 0, L_0x7f336749f060;  1 drivers
v0x55c522e3a2e0_0 .net *"_ivl_80", 0 0, L_0x55c522e3de10;  1 drivers
v0x55c522e3a3c0_0 .net *"_ivl_83", 0 0, L_0x55c522e3e740;  1 drivers
L_0x7f336749f498 .functor BUFT 1, C4<0100>, C4<0>, C4<0>, C4<0>;
v0x55c522e3a4a0_0 .net/2u *"_ivl_84", 3 0, L_0x7f336749f498;  1 drivers
L_0x7f336749f4e0 .functor BUFT 1, C4<0000>, C4<0>, C4<0>, C4<0>;
v0x55c522e3a580_0 .net/2u *"_ivl_86", 3 0, L_0x7f336749f4e0;  1 drivers
v0x55c522e3a660_0 .net *"_ivl_88", 3 0, L_0x55c522e3ecc0;  1 drivers
v0x55c522e3a740_0 .net *"_ivl_91", 0 0, L_0x55c522e3ef10;  1 drivers
L_0x7f336749f528 .functor BUFT 1, C4<1000>, C4<0>, C4<0>, C4<0>;
v0x55c522e3a820_0 .net/2u *"_ivl_92", 3 0, L_0x7f336749f528;  1 drivers
L_0x7f336749f570 .functor BUFT 1, C4<0000>, C4<0>, C4<0>, C4<0>;
v0x55c522e3a900_0 .net/2u *"_ivl_94", 3 0, L_0x7f336749f570;  1 drivers
v0x55c522e3a9e0_0 .net *"_ivl_96", 3 0, L_0x55c522e3efb0;  1 drivers
v0x55c522e3aac0_0 .net *"_ivl_98", 3 0, L_0x55c522e3f210;  1 drivers
o0x7f33674e8888 .functor BUFZ 8, C4<zzzzzzzz>; HiZ drive
v0x55c522e3aba0_0 .net "accel_data_x", 7 0, o0x7f33674e8888;  0 drivers
v0x55c522e3ac80_0 .net "accel_data_x_corr", 7 0, L_0x55c522df9ec0;  1 drivers
o0x7f33674e88e8 .functor BUFZ 8, C4<zzzzzzzz>; HiZ drive
v0x55c522e3ad60_0 .net "accel_data_y", 7 0, o0x7f33674e88e8;  0 drivers
v0x55c522e3ae40_0 .net "accel_data_y_corr", 7 0, L_0x55c522e3ced0;  1 drivers
v0x55c522e3af20_0 .var "accel_x_end_of_frame", 7 0;
v0x55c522e3b000_0 .var "accel_y_end_of_frame", 7 0;
v0x55c522e3b0e0_0 .var "ball", 0 0;
v0x55c522e3b1a0_0 .var "ball_h_coord", 9 0;
v0x55c522e3b280_0 .var "ball_v_coord", 9 0;
v0x55c522e3b360_0 .net "blue", 3 0, L_0x55c522e3f3a0;  1 drivers
v0x55c522e3b440_0 .var "board1", 0 0;
v0x55c522e3b500_0 .var "board1_h_coord", 9 0;
v0x55c522e3b5e0_0 .var "board1_v_coord", 9 0;
v0x55c522e3b6c0_0 .var "board2", 0 0;
v0x55c522e3b780_0 .var "board2_h_coord", 9 0;
v0x55c522e3b860_0 .var "board2_v_coord", 9 0;
v0x55c522e3b940_0 .net "button_c", 0 0, o0x7f33674e8b88;  0 drivers
o0x7f33674e8bb8 .functor BUFZ 1, C4<z>; HiZ drive
v0x55c522e3ba00_0 .net "button_d", 0 0, o0x7f33674e8bb8;  0 drivers
o0x7f33674e8be8 .functor BUFZ 1, C4<z>; HiZ drive
v0x55c522e3bac0_0 .net "button_l", 0 0, o0x7f33674e8be8;  0 drivers
o0x7f33674e8c18 .functor BUFZ 1, C4<z>; HiZ drive
v0x55c522e3bb80_0 .net "button_r", 0 0, o0x7f33674e8c18;  0 drivers
o0x7f33674e8c48 .functor BUFZ 1, C4<z>; HiZ drive
v0x55c522e3c050_0 .net "button_u", 0 0, o0x7f33674e8c48;  0 drivers
v0x55c522e3c110_0 .net "change_regime", 0 0, L_0x55c522df1850;  1 drivers
v0x55c522e3c1d0_0 .var "end_of_frame", 0 0;
v0x55c522e3c290_0 .var "frames_cntr", 31 0;
v0x55c522e3c370_0 .net "green", 3 0, L_0x55c522e3e6a0;  1 drivers
o0x7f33674e8d38 .functor BUFZ 10, C4<zzzzzzzzzz>; HiZ drive
v0x55c522e3c450_0 .net "h_coord", 9 0, o0x7f33674e8d38;  0 drivers
o0x7f33674e8d68 .functor BUFZ 1, C4<z>; HiZ drive
v0x55c522e3c530_0 .net "pixel_clk", 0 0, o0x7f33674e8d68;  0 drivers
v0x55c522e3c5f0_0 .net "red", 3 0, L_0x55c522e3daf0;  1 drivers
v0x55c522e3c6d0_0 .net "regime_status", 0 0, L_0x55c522df2400;  1 drivers
v0x55c522e3c790_0 .var "regime_store", 0 0;
o0x7f33674e8e28 .functor BUFZ 1, C4<z>; HiZ drive
v0x55c522e3c850_0 .net "rst_n", 0 0, o0x7f33674e8e28;  0 drivers
o0x7f33674e8e58 .functor BUFZ 10, C4<zzzzzzzzzz>; HiZ drive
v0x55c522e3c910_0 .net "v_coord", 9 0, o0x7f33674e8e58;  0 drivers
v0x55c522e3c9f0_0 .var "x_direction", 0 0;
v0x55c522e3cab0_0 .var "y_direction", 0 0;
E_0x55c522df7490/0 .event edge, v0x55c522e3c450_0, v0x55c522e3b500_0, v0x55c522e3c910_0, v0x55c522e3b5e0_0;
E_0x55c522df7490/1 .event edge, v0x55c522e3b780_0, v0x55c522e3b860_0, v0x55c522e3b1a0_0, v0x55c522e3b280_0;
E_0x55c522df7490 .event/or E_0x55c522df7490/0, E_0x55c522df7490/1;
E_0x55c522dbb480 .event posedge, v0x55c522e3c530_0;
L_0x55c522df9ec0 .arith/sum 8, o0x7f33674e8888, L_0x7f336749f018;
L_0x55c522e3ced0 .arith/sum 8, o0x7f33674e88e8, L_0x7f336749f060;
L_0x55c522e3d020 .part o0x7f33674e8018, 3, 1;
L_0x55c522e3d180 .functor MUXZ 4, L_0x7f336749f0f0, L_0x7f336749f0a8, L_0x55c522e3d020, C4<>;
L_0x55c522e3d370 .part o0x7f33674e8018, 6, 1;
L_0x55c522e3d4e0 .functor MUXZ 4, L_0x7f336749f180, L_0x7f336749f138, L_0x55c522e3d370, C4<>;
L_0x55c522e3d6b0 .part o0x7f33674e8018, 0, 1;
L_0x55c522e3d750 .functor MUXZ 4, L_0x7f336749f210, L_0x7f336749f1c8, L_0x55c522e3d6b0, C4<>;
L_0x55c522e3d960 .functor MUXZ 4, L_0x55c522e3d750, L_0x55c522e3d4e0, L_0x55c522e100e0, C4<>;
L_0x55c522e3daf0 .functor MUXZ 4, L_0x55c522e3d960, L_0x55c522e3d180, v0x55c522e3b0e0_0, C4<>;
L_0x55c522e3dc40 .part o0x7f33674e8018, 4, 1;
L_0x55c522e3dd70 .functor MUXZ 4, L_0x7f336749f2a0, L_0x7f336749f258, L_0x55c522e3dc40, C4<>;
L_0x55c522e3dfa0 .part o0x7f33674e8018, 7, 1;
L_0x55c522e3e040 .functor MUXZ 4, L_0x7f336749f330, L_0x7f336749f2e8, L_0x55c522e3dfa0, C4<>;
L_0x55c522e3e250 .part o0x7f33674e8018, 1, 1;
L_0x55c522e3e2f0 .functor MUXZ 4, L_0x7f336749f3c0, L_0x7f336749f378, L_0x55c522e3e250, C4<>;
L_0x55c522e3e510 .functor MUXZ 4, L_0x55c522e3e2f0, L_0x55c522e3e040, L_0x55c522e10bb0, C4<>;
L_0x55c522e3e6a0 .functor MUXZ 4, L_0x55c522e3e510, L_0x55c522e3dd70, v0x55c522e3b0e0_0, C4<>;
L_0x55c522e3e8d0 .part o0x7f33674e8018, 5, 1;
L_0x55c522e3e970 .functor MUXZ 4, L_0x7f336749f450, L_0x7f336749f408, L_0x55c522e3e8d0, C4<>;
L_0x55c522e3e740 .part o0x7f33674e8018, 8, 1;
L_0x55c522e3ecc0 .functor MUXZ 4, L_0x7f336749f4e0, L_0x7f336749f498, L_0x55c522e3e740, C4<>;
L_0x55c522e3ef10 .part o0x7f33674e8018, 2, 1;
L_0x55c522e3efb0 .functor MUXZ 4, L_0x7f336749f570, L_0x7f336749f528, L_0x55c522e3ef10, C4<>;
L_0x55c522e3f210 .functor MUXZ 4, L_0x55c522e3efb0, L_0x55c522e3ecc0, L_0x55c522e3de10, C4<>;
L_0x55c522e3f3a0 .functor MUXZ 4, L_0x55c522e3f210, L_0x55c522e3e970, v0x55c522e3b0e0_0, C4<>;
    .scope S_0x55c522e19610;
T_0 ;
    %pushi/vec4 1, 0, 1;
    %store/vec4 v0x55c522e3c9f0_0, 0, 1;
    %pushi/vec4 0, 0, 1;
    %store/vec4 v0x55c522e3cab0_0, 0, 1;
    %end;
    .thread T_0;
    .scope S_0x55c522e19610;
T_1 ;
    %wait E_0x55c522dbb480;
    %load/vec4 v0x55c522e3c850_0;
    %nor/r;
    %flag_set/vec4 8;
    %jmp/0xz  T_1.0, 8;
    %pushi/vec4 0, 0, 1;
    %assign/vec4 v0x55c522e3c1d0_0, 0;
    %jmp T_1.1;
T_1.0 ;
    %load/vec4 v0x55c522e3c450_0;
    %pushi/vec4 799, 0, 10;
    %cmp/e;
    %flag_get/vec4 4;
    %load/vec4 v0x55c522e3c910_0;
    %pushi/vec4 599, 0, 10;
    %cmp/e;
    %flag_get/vec4 4;
    %and;
    %assign/vec4 v0x55c522e3c1d0_0, 0;
T_1.1 ;
    %jmp T_1;
    .thread T_1;
    .scope S_0x55c522e19610;
T_2 ;
    %wait E_0x55c522dbb480;
    %load/vec4 v0x55c522e3c850_0;
    %nor/r;
    %flag_set/vec4 8;
    %jmp/0xz  T_2.0, 8;
    %pushi/vec4 0, 0, 32;
    %assign/vec4 v0x55c522e3c290_0, 0;
    %jmp T_2.1;
T_2.0 ;
    %load/vec4 v0x55c522e3c290_0;
    %cmpi/e 2, 0, 32;
    %jmp/0xz  T_2.2, 4;
    %pushi/vec4 0, 0, 32;
    %assign/vec4 v0x55c522e3c290_0, 0;
    %jmp T_2.3;
T_2.2 ;
    %load/vec4 v0x55c522e3c1d0_0;
    %flag_set/vec4 8;
    %jmp/0xz  T_2.4, 8;
    %load/vec4 v0x55c522e3c290_0;
    %addi 1, 0, 32;
    %assign/vec4 v0x55c522e3c290_0, 0;
T_2.4 ;
T_2.3 ;
T_2.1 ;
    %jmp T_2;
    .thread T_2;
    .scope S_0x55c522e19610;
T_3 ;
    %wait E_0x55c522dbb480;
    %load/vec4 v0x55c522e3c850_0;
    %nor/r;
    %flag_set/vec4 8;
    %jmp/0xz  T_3.0, 8;
    %pushi/vec4 1, 0, 1;
    %assign/vec4 v0x55c522e3c790_0, 0;
T_3.0 ;
    %load/vec4 v0x55c522e3c110_0;
    %flag_set/vec4 8;
    %jmp/0xz  T_3.2, 8;
    %pushi/vec4 1, 0, 1;
    %load/vec4 v0x55c522e3c790_0;
    %sub;
    %assign/vec4 v0x55c522e3c790_0, 0;
T_3.2 ;
    %jmp T_3;
    .thread T_3;
    .scope S_0x55c522e19610;
T_4 ;
    %wait E_0x55c522dbb480;
    %load/vec4 v0x55c522e3c850_0;
    %nor/r;
    %flag_set/vec4 8;
    %jmp/0xz  T_4.0, 8;
    %pushi/vec4 0, 0, 8;
    %assign/vec4 v0x55c522e3af20_0, 0;
    %pushi/vec4 0, 0, 8;
    %assign/vec4 v0x55c522e3b000_0, 0;
    %jmp T_4.1;
T_4.0 ;
    %load/vec4 v0x55c522e3c1d0_0;
    %load/vec4 v0x55c522e3c290_0;
    %pushi/vec4 0, 0, 32;
    %cmp/e;
    %flag_get/vec4 4;
    %and;
    %flag_set/vec4 8;
    %jmp/0xz  T_4.2, 8;
    %load/vec4 v0x55c522e3ac80_0;
    %assign/vec4 v0x55c522e3af20_0, 0;
    %load/vec4 v0x55c522e3ae40_0;
    %assign/vec4 v0x55c522e3b000_0, 0;
T_4.2 ;
T_4.1 ;
    %jmp T_4;
    .thread T_4;
    .scope S_0x55c522e19610;
T_5 ;
    %wait E_0x55c522dbb480;
    %load/vec4 v0x55c522e3c850_0;
    %nor/r;
    %flag_set/vec4 8;
    %jmp/0xz  T_5.0, 8;
    %pushi/vec4 399, 0, 10;
    %assign/vec4 v0x55c522e3b500_0, 0;
    %pushi/vec4 0, 0, 10;
    %assign/vec4 v0x55c522e3b5e0_0, 0;
    %pushi/vec4 399, 0, 10;
    %assign/vec4 v0x55c522e3b780_0, 0;
    %pushi/vec4 579, 0, 10;
    %assign/vec4 v0x55c522e3b860_0, 0;
    %pushi/vec4 399, 0, 10;
    %assign/vec4 v0x55c522e3b1a0_0, 0;
    %pushi/vec4 299, 0, 10;
    %assign/vec4 v0x55c522e3b280_0, 0;
    %jmp T_5.1;
T_5.0 ;
    %load/vec4 v0x55c522e3c1d0_0;
    %load/vec4 v0x55c522e3c290_0;
    %pushi/vec4 0, 0, 32;
    %cmp/e;
    %flag_get/vec4 4;
    %and;
    %flag_set/vec4 8;
    %jmp/0xz  T_5.2, 8;
    %load/vec4 v0x55c522e3c790_0;
    %cmpi/e 1, 0, 1;
    %jmp/0xz  T_5.4, 4;
    %load/vec4 v0x55c522e3bac0_0;
    %flag_set/vec4 8;
    %jmp/0xz  T_5.6, 8;
    %load/vec4 v0x55c522e3b500_0;
    %pad/u 32;
    %cmpi/u 20, 0, 32;
    %jmp/0xz  T_5.8, 5;
    %pushi/vec4 0, 0, 10;
    %assign/vec4 v0x55c522e3b500_0, 0;
    %jmp T_5.9;
T_5.8 ;
    %load/vec4 v0x55c522e3b500_0;
    %pad/u 32;
    %subi 20, 0, 32;
    %pad/u 10;
    %assign/vec4 v0x55c522e3b500_0, 0;
T_5.9 ;
    %jmp T_5.7;
T_5.6 ;
    %load/vec4 v0x55c522e3ba00_0;
    %flag_set/vec4 8;
    %jmp/0xz  T_5.10, 8;
    %load/vec4 v0x55c522e3b500_0;
    %pad/u 32;
    %addi 120, 0, 32;
    %cmpi/u 799, 0, 32;
    %flag_inv 5; GE is !LT
    %jmp/0xz  T_5.12, 5;
    %pushi/vec4 699, 0, 10;
    %assign/vec4 v0x55c522e3b500_0, 0;
    %jmp T_5.13;
T_5.12 ;
    %load/vec4 v0x55c522e3b500_0;
    %pad/u 32;
    %addi 20, 0, 32;
    %pad/u 10;
    %assign/vec4 v0x55c522e3b500_0, 0;
T_5.13 ;
T_5.10 ;
T_5.7 ;
    %load/vec4 v0x55c522e3c050_0;
    %flag_set/vec4 8;
    %jmp/0xz  T_5.14, 8;
    %load/vec4 v0x55c522e3b780_0;
    %pad/u 32;
    %cmpi/u 20, 0, 32;
    %jmp/0xz  T_5.16, 5;
    %pushi/vec4 0, 0, 10;
    %assign/vec4 v0x55c522e3b780_0, 0;
    %jmp T_5.17;
T_5.16 ;
    %load/vec4 v0x55c522e3b780_0;
    %pad/u 32;
    %subi 20, 0, 32;
    %pad/u 10;
    %assign/vec4 v0x55c522e3b780_0, 0;
T_5.17 ;
    %jmp T_5.15;
T_5.14 ;
    %load/vec4 v0x55c522e3bb80_0;
    %flag_set/vec4 8;
    %jmp/0xz  T_5.18, 8;
    %load/vec4 v0x55c522e3b780_0;
    %pad/u 32;
    %addi 120, 0, 32;
    %cmpi/u 799, 0, 32;
    %flag_inv 5; GE is !LT
    %jmp/0xz  T_5.20, 5;
    %pushi/vec4 699, 0, 10;
    %assign/vec4 v0x55c522e3b780_0, 0;
    %jmp T_5.21;
T_5.20 ;
    %load/vec4 v0x55c522e3b780_0;
    %pad/u 32;
    %addi 20, 0, 32;
    %pad/u 10;
    %assign/vec4 v0x55c522e3b780_0, 0;
T_5.21 ;
T_5.18 ;
T_5.15 ;
    %jmp T_5.5;
T_5.4 ;
    %load/vec4 v0x55c522e3c790_0;
    %cmpi/e 0, 0, 1;
    %jmp/0xz  T_5.22, 4;
    %load/vec4 v0x55c522e3ae40_0;
    %parti/s 1, 7, 4;
    %nor/r;
    %load/vec4 v0x55c522e3ae40_0;
    %pushi/vec4 0, 0, 8;
    %cmp/ne;
    %flag_get/vec4 4;
    %and;
    %flag_set/vec4 8;
    %jmp/0xz  T_5.24, 8;
    %load/vec4 v0x55c522e3b500_0;
    %pad/u 32;
    %cmpi/u 20, 0, 32;
    %jmp/0xz  T_5.26, 5;
    %pushi/vec4 0, 0, 10;
    %assign/vec4 v0x55c522e3b500_0, 0;
    %jmp T_5.27;
T_5.26 ;
    %load/vec4 v0x55c522e3b500_0;
    %pad/u 32;
    %subi 20, 0, 32;
    %pad/u 10;
    %assign/vec4 v0x55c522e3b500_0, 0;
T_5.27 ;
    %jmp T_5.25;
T_5.24 ;
    %load/vec4 v0x55c522e3ae40_0;
    %parti/s 1, 7, 4;
    %load/vec4 v0x55c522e3ae40_0;
    %pushi/vec4 0, 0, 8;
    %cmp/ne;
    %flag_get/vec4 4;
    %and;
    %flag_set/vec4 8;
    %jmp/0xz  T_5.28, 8;
    %load/vec4 v0x55c522e3b500_0;
    %pad/u 32;
    %addi 120, 0, 32;
    %cmpi/u 799, 0, 32;
    %flag_inv 5; GE is !LT
    %jmp/0xz  T_5.30, 5;
    %pushi/vec4 699, 0, 10;
    %assign/vec4 v0x55c522e3b500_0, 0;
    %jmp T_5.31;
T_5.30 ;
    %load/vec4 v0x55c522e3b500_0;
    %pad/u 32;
    %addi 20, 0, 32;
    %pad/u 10;
    %assign/vec4 v0x55c522e3b500_0, 0;
T_5.31 ;
T_5.28 ;
T_5.25 ;
T_5.22 ;
T_5.5 ;
T_5.2 ;
T_5.1 ;
    %load/vec4 v0x55c522e3c9f0_0;
    %inv;
    %flag_set/vec4 8;
    %jmp/0xz  T_5.32, 8;
    %load/vec4 v0x55c522e3b1a0_0;
    %pad/u 32;
    %cmpi/u 20, 0, 32;
    %jmp/0xz  T_5.34, 5;
    %pushi/vec4 0, 0, 10;
    %assign/vec4 v0x55c522e3b1a0_0, 0;
    %load/vec4 v0x55c522e3c9f0_0;
    %inv;
    %store/vec4 v0x55c522e3c9f0_0, 0, 1;
    %jmp T_5.35;
T_5.34 ;
    %load/vec4 v0x55c522e3b1a0_0;
    %pad/u 32;
    %subi 20, 0, 32;
    %pad/u 10;
    %assign/vec4 v0x55c522e3b1a0_0, 0;
T_5.35 ;
    %jmp T_5.33;
T_5.32 ;
    %load/vec4 v0x55c522e3c9f0_0;
    %flag_set/vec4 8;
    %jmp/0xz  T_5.36, 8;
    %load/vec4 v0x55c522e3b1a0_0;
    %pad/u 32;
    %addi 36, 0, 32;
    %cmpi/u 799, 0, 32;
    %flag_inv 5; GE is !LT
    %jmp/0xz  T_5.38, 5;
    %pushi/vec4 783, 0, 10;
    %assign/vec4 v0x55c522e3b1a0_0, 0;
    %load/vec4 v0x55c522e3c9f0_0;
    %inv;
    %store/vec4 v0x55c522e3c9f0_0, 0, 1;
    %jmp T_5.39;
T_5.38 ;
    %load/vec4 v0x55c522e3b1a0_0;
    %pad/u 32;
    %addi 20, 0, 32;
    %pad/u 10;
    %assign/vec4 v0x55c522e3b1a0_0, 0;
T_5.39 ;
T_5.36 ;
T_5.33 ;
    %load/vec4 v0x55c522e3cab0_0;
    %inv;
    %flag_set/vec4 8;
    %jmp/0xz  T_5.40, 8;
    %load/vec4 v0x55c522e3b280_0;
    %pad/u 32;
    %cmpi/u 20, 0, 32;
    %jmp/0xz  T_5.42, 5;
    %pushi/vec4 0, 0, 10;
    %assign/vec4 v0x55c522e3b280_0, 0;
    %load/vec4 v0x55c522e3cab0_0;
    %inv;
    %store/vec4 v0x55c522e3cab0_0, 0, 1;
    %jmp T_5.43;
T_5.42 ;
    %load/vec4 v0x55c522e3b280_0;
    %pad/u 32;
    %subi 20, 0, 32;
    %pad/u 10;
    %assign/vec4 v0x55c522e3b280_0, 0;
T_5.43 ;
    %jmp T_5.41;
T_5.40 ;
    %load/vec4 v0x55c522e3cab0_0;
    %flag_set/vec4 8;
    %jmp/0xz  T_5.44, 8;
    %load/vec4 v0x55c522e3b280_0;
    %pad/u 32;
    %addi 36, 0, 32;
    %cmpi/u 799, 0, 32;
    %flag_inv 5; GE is !LT
    %jmp/0xz  T_5.46, 5;
    %pushi/vec4 583, 0, 10;
    %assign/vec4 v0x55c522e3b280_0, 0;
    %load/vec4 v0x55c522e3cab0_0;
    %inv;
    %store/vec4 v0x55c522e3cab0_0, 0, 1;
    %jmp T_5.47;
T_5.46 ;
    %load/vec4 v0x55c522e3b280_0;
    %pad/u 32;
    %addi 20, 0, 32;
    %pad/u 10;
    %assign/vec4 v0x55c522e3b280_0, 0;
T_5.47 ;
T_5.44 ;
T_5.41 ;
    %jmp T_5;
    .thread T_5;
    .scope S_0x55c522e19610;
T_6 ;
    %wait E_0x55c522df7490;
    %load/vec4 v0x55c522e3b500_0;
    %load/vec4 v0x55c522e3c450_0;
    %cmp/u;
    %flag_get/vec4 4;
    %flag_get/vec4 5;
    %or;
    %load/vec4 v0x55c522e3c450_0;
    %pad/u 32;
    %load/vec4 v0x55c522e3b500_0;
    %pad/u 32;
    %addi 100, 0, 32;
    %cmp/u;
    %flag_get/vec4 4;
    %flag_get/vec4 5;
    %or;
    %and;
    %load/vec4 v0x55c522e3b5e0_0;
    %load/vec4 v0x55c522e3c910_0;
    %cmp/u;
    %flag_get/vec4 4;
    %flag_get/vec4 5;
    %or;
    %and;
    %load/vec4 v0x55c522e3c910_0;
    %pad/u 32;
    %load/vec4 v0x55c522e3b5e0_0;
    %pad/u 32;
    %addi 20, 0, 32;
    %cmp/u;
    %flag_get/vec4 4;
    %flag_get/vec4 5;
    %or;
    %and;
    %store/vec4 v0x55c522e3b440_0, 0, 1;
    %load/vec4 v0x55c522e3b780_0;
    %load/vec4 v0x55c522e3c450_0;
    %cmp/u;
    %flag_get/vec4 4;
    %flag_get/vec4 5;
    %or;
    %load/vec4 v0x55c522e3c450_0;
    %pad/u 32;
    %load/vec4 v0x55c522e3b780_0;
    %pad/u 32;
    %addi 100, 0, 32;
    %cmp/u;
    %flag_get/vec4 4;
    %flag_get/vec4 5;
    %or;
    %and;
    %load/vec4 v0x55c522e3b860_0;
    %load/vec4 v0x55c522e3c910_0;
    %cmp/u;
    %flag_get/vec4 4;
    %flag_get/vec4 5;
    %or;
    %and;
    %load/vec4 v0x55c522e3c910_0;
    %pad/u 32;
    %load/vec4 v0x55c522e3b860_0;
    %pad/u 32;
    %addi 20, 0, 32;
    %cmp/u;
    %flag_get/vec4 4;
    %flag_get/vec4 5;
    %or;
    %and;
    %store/vec4 v0x55c522e3b6c0_0, 0, 1;
    %load/vec4 v0x55c522e3b1a0_0;
    %load/vec4 v0x55c522e3c450_0;
    %cmp/u;
    %flag_get/vec4 4;
    %flag_get/vec4 5;
    %or;
    %load/vec4 v0x55c522e3c450_0;
    %pad/u 32;
    %load/vec4 v0x55c522e3b1a0_0;
    %pad/u 32;
    %addi 16, 0, 32;
    %cmp/u;
    %flag_get/vec4 4;
    %flag_get/vec4 5;
    %or;
    %and;
    %load/vec4 v0x55c522e3b280_0;
    %load/vec4 v0x55c522e3c910_0;
    %cmp/u;
    %flag_get/vec4 4;
    %flag_get/vec4 5;
    %or;
    %and;
    %load/vec4 v0x55c522e3c910_0;
    %pad/u 32;
    %load/vec4 v0x55c522e3b280_0;
    %pad/u 32;
    %addi 16, 0, 32;
    %cmp/u;
    %flag_get/vec4 4;
    %flag_get/vec4 5;
    %or;
    %and;
    %store/vec4 v0x55c522e3b0e0_0, 0, 1;
    %jmp T_6;
    .thread T_6, $push;
# The file index is used to find the file name in the following table.
:file_names 3;
    "N/A";
    "<interactive>";
    "pingpong.sv";
